111
111
106
104
95
83
69
56
49
47
43
36
27
15
12
7
-1
-12
-28
-41
-47
-49
-51
-53
-54
-57
-56
-49
-42
-40
-45
-47
-51
-63
-83
-99
-109
-120
-137
-156
-172
-178
-180
-184
-182
-169
-148
-130
-118
-115
-121
-134
-146
-165
-185
-198
-203
-205
-208
-213
-213
-208
-205
-206
-205
-205
-207
-209
-211
-213
-216
-218
-213
-209
-207
-202
-193
-190
-190
-193
-190
-181
-175
-178
-175
-168
-160
-154
-150
-140
-125
-107
-95
-88
-80
-70
-65
-63
-68
-78
-83
-81
-81
-80
-70
-54
-33
-12
11
34
55
70
78
81
77
68
57
45
35
21
10
7
12
23
41
62
84
106
124
140
152
153
146
136
122
103
89
79
76
78
83
93
103
115
125
133
137
136
131
122
113
103
93
85
82
81
80
80
91
108
122
130
134
136
133
131
130
123
118
113
113
122
131
136
145
159
162
163
162
165
170
171
170
178
191
197
195
190
184
175
165
160
166
174
175
174
170
167
166
165
161
153
146
140
136
136
130
119
114
108
97
92
93
93
88
86
86
83
77
70
59
50
47
42
30
25
18
5
-11
-28
-46
-71
-95
-109
-123
-132
-137
-140
-129
-114
-102
-90
-88
-99
-108
-117
-134
-157
-174
-187
-205
-219
-221
-214
-203
-188
-169
-147
-124
-107
-104
-109
-123
-145
-174
-204
-233
-254
-266
-271
-262
-238
-217
-198
-183
-166
-157
-165
-180
-194
-202
-207
-217
-222
-221
-216
-214
-209
-195
-183
-173
-163
-159
-157
-160
-159
-158
-167
-169
-162
-153
-144
-136
-126
-113
-101
-94
-97
-98
-95
-94
-99
-103
-100
-89
-74
-58
-41
-19
7
28
38
49
63
72
72
59
43
37
32
24
20
19
30
46
63
83
110
138
161
169
165
160
156
151
138
124
114
110
112
117
122
130
140
147
148
153
161
167
173
173
169
164
164
161
151
138
135
137
132
126
121
124
128
129
136
148
159
173
177
176
179
180
181
178
172
171
173
174
170
166
165
166
169
171
175
177
177
173
172
172
175
182
180
172
164
157
153
144
132
127
129
123
113
109
104
101
93
85
80
74
70
60
46
33
19
9
-1
-6
-6
-8
-13
-19
-27
-33
-39
-40
-42
-48
-52
-57
-64
-77
-96
-110
-119
-124
-124
-119
-117
-117
-119
-120
-121
-118
-128
-151
-170
-176
-177
-180
-182
-179
-178
-173
-160
-146
-130
-120
-116
-115
-122
-136
-148
-163
-186
-203
-211
-218
-224
-229
-231
-224
-214
-208
-208
-208
-204
-201
-203
-208
-225
-242
-255
-267
-269
-265
-260
-248
-233
-220
-209
-204
-202
-206
-211
-213
-213
-205
-195
-188
-172
-158
-154
-150
-149
-150
-141
-131
-122
-115
-112
-112
-104
-94
-86
-74
-56
-38
-24
-15
-9
-3
0
3
5
8
12
21
33
48
59
68
73
72
68
74
83
94
109
131
154
178
196
209
218
223
222
214
198
185
178
169
160
157
157
166
179
190
196
206
218
228
229
228
214
197
182
159
142
130
129
135
147
158
170
190
204
210
209
210
201
185
174
157
142
134
131
137
147
153
155
153
145
139
129
122
122
123
122
119
121
125
133
142
147
145
141
135
121
104
88
78
69
60
61
68
78
85
90
94
91
89
87
84
74
59
38
11
-8
-15
-19
-23
-21
-9
-2
4
15
20
17
14
5
-8
-22
-36
-48
-63
-77
-84
-95
-99
-102
-102
-100
-103
-108
-115
-122
-126
-124
-123
-120
-121
-122
-118
-111
-104
-100
-103
-100
-98
-100
-103
-112
-122
-131
-145
-158
-167
-170
-171
-171
-166
-163
-160
-153
-152
-153
-150
-148
-155
-165
-170
-177
-184
-189
-194
-200
-200
-192
-184
-177
-170
-165
-158
-155
-153
-147
-139
-135
-134
-134
-130
-127
-128
-128
-127
-125
-126
-126
-124
-118
-112
-105
-98
-92
-85
-73
-63
-58
-53
-44
-37
-32
-26
-19
-21
-24
-19
-12
-1
7
16
25
33
42
52
59
63
67
76
87
90
92
94
96
101
104
105
107
111
116
124
133
138
141
144
145
142
140
138
143
148
150
156
162
169
170
161
152
143
134
129
131
133
138
148
154
154
157
163
168
169
166
159
160
160
160
161
159
147
133
121
113
112
120
129
136
140
141
137
133
131
133
138
137
128
115
105
97
90
80
65
62
65
67
72
77
81
86
98
109
114
112
102
88
69
48
27
11
-3
-14
-16
-13
-11
-8
1
9
19
19
12
5
-2
-7
-15
-22
-26
-32
-44
-53
-61
-67
-73
-79
-82
-79
-76
-71
-65
-61
-62
-63
-63
-65
-65
-64
-58
-57
-64
-75
-89
-103
-113
-122
-134
-141
-141
-132
-125
-125
-127
-132
-141
-147
-152
-157
-168
-171
-169
-171
-166
-165
-174
-179
-182
-179
-172
-165
-161
-159
-159
-162
-161
-162
-176
-189
-193
-197
-193
-183
-175
-170
-168
-174
-188
-199
-209
-222
-227
-221
-218
-207
-196
-186
-179
-172
-158
-146
-140
-136
-129
-125
-125
-130
-133
-132
-129
-124
-106
-88
-69
-48
-31
-14
5
15
18
21
21
27
35
43
53
71
91
103
112
118
124
132
137
143
142
140
140
142
149
157
165
172
177
188
202
218
231
234
229
222
217
209
198
190
184
180
174
173
177
184
184
180
176
175
172
170
167
162
159
160
159
158
153
142
127
121
